# JRE version: Java(TM) SE Runtime Environment (25.0.3+9) (build 25.0.3+9-LTS-195)
# Java VM: Java HotSpot(TM) 64-Bit Server VM (25.0.3+9-LTS-195, mixed mode, emulated-client, sharing, tiered, compressed oops, compressed class ptrs, g1 gc, windows-amd64)
GC Precious Log:
 CardTable entry size: 512
 Card Set container configuration: InlinePtr #cards 5 size 8 Array Of Cards #cards 10 size 36 Howl #buckets 4 coarsen threshold 1843 Howl Bitmap #cards 512 size 80 coarsen threshold 460 Card regions per heap region 1 cards per card region 2048
 CPUs: 4 total, 4 available
 Memory: 4082M
 Large Page Support: Disabled
 NUMA Support: Disabled
 Compressed Oops: Enabled (32-bit)
 Heap Region Size: 1M
 Heap Min Capacity: 8M
 Heap Initial Capacity: 64M
 Heap Max Capacity: 1022M
 Pre-touch: Disabled
 Parallel Workers: 4
 Concurrent Workers: 1
 Concurrent Refinement Workers: 4
 Periodic GC: Disabled
Heap:
 garbage-first heap   total reserved 1046528K, committed 78848K, used 29243K [0x00000000c0200000, 0x0000000100000000)
  region size 1024K, 1 young (1024K), 1 survivors (1024K)
GC Heap Usage History (20 events):
Event: 10404.532 {heap After GC invocations=299 (full 2):
 garbage-first heap   total reserved 1046528K, committed 78848K, used 24969K [0x00000000c0200000, 0x0000000100000000)
  region size 1024K, 0 young (0K), 0 survivors (0K)
}
Event: 10437.495 {heap Before GC invocations=299 (full 2):
 garbage-first heap   total reserved 1046528K, committed 78848K, used 71049K [0x00000000c0200000, 0x0000000100000000)
  region size 1024K, 46 young (47104K), 0 survivors (0K)
}
Event: 10439.125 {heap After GC invocations=300 (full 2):
 garbage-first heap   total reserved 1046528K, committed 78848K, used 28482K [0x00000000c0200000, 0x0000000100000000)
  region size 1024K, 4 young (4096K), 4 survivors (4096K)
}
Event: 10439.496 {heap Before GC invocations=301 (full 2):
 garbage-first heap   total reserved 1046528K, committed 78848K, used 29506K [0x00000000c0200000, 0x0000000100000000)
  region size 1024K, 5 young (5120K), 4 survivors (4096K)
}
Event: 10439.749 {heap After GC invocations=302 (full 2):
 garbage-first heap   total reserved 1046528K, committed 78848K, used 29137K [0x00000000c0200000, 0x0000000100000000)
  region size 1024K, 1 young (1024K), 1 survivors (1024K)
}
Event: 10440.803 {heap Before GC invocations=302 (full 2):
 garbage-first heap   total reserved 1046528K, committed 78848K, used 31185K [0x00000000c0200000, 0x0000000100000000)
  region size 1024K, 3 young (3072K), 1 survivors (1024K)
}
Event: 10440.805 {heap After GC invocations=303 (full 2):
 garbage-first heap   total reserved 1046528K, committed 78848K, used 29310K [0x00000000c0200000, 0x0000000100000000)
  region size 1024K, 1 young (1024K), 1 survivors (1024K)
}
Event: 10442.460 {heap Before GC invocations=303 (full 2):
 garbage-first heap   total reserved 1046528K, committed 78848K, used 32382K [0x00000000c0200000, 0x0000000100000000)
  region size 1024K, 5 young (5120K), 1 survivors (1024K)
}
Event: 10442.464 {heap After GC invocations=304 (full 2):
 garbage-first heap   total reserved 1046528K, committed 78848K, used 29466K [0x00000000c0200000, 0x0000000100000000)
  region size 1024K, 1 young (1024K), 1 survivors (1024K)
}
Event: 10443.496 {heap Before GC invocations=305 (full 2):
 garbage-first heap   total reserved 1046528K, committed 78848K, used 31514K [0x00000000c0200000, 0x0000000100000000)
  region size 1024K, 3 young (3072K), 1 survivors (1024K)
}
Event: 10443.501 {heap After GC invocations=306 (full 2):
 garbage-first heap   total reserved 1046528K, committed 78848K, used 29520K [0x00000000c0200000, 0x0000000100000000)
  region size 1024K, 1 young (1024K), 1 survivors (1024K)
}
Event: 10444.290 {heap Before GC invocations=306 (full 2):
 garbage-first heap   total reserved 1046528K, committed 78848K, used 31568K [0x00000000c0200000, 0x0000000100000000)
  region size 1024K, 3 young (3072K), 1 survivors (1024K)
}
Event: 10444.294 {heap After GC invocations=307 (full 2):
 garbage-first heap   total reserved 1046528K, committed 78848K, used 29688K [0x00000000c0200000, 0x0000000100000000)
  region size 1024K, 1 young (1024K), 1 survivors (1024K)
}
Event: 10459.035 {heap Before GC invocations=307 (full 2):
 garbage-first heap   total reserved 1046528K, committed 78848K, used 39928K [0x00000000c0200000, 0x0000000100000000)
  region size 1024K, 11 young (11264K), 1 survivors (1024K)
}
Event: 10459.038 {heap After GC invocations=308 (full 2):
 garbage-first heap   total reserved 1046528K, committed 78848K, used 29715K [0x00000000c0200000, 0x0000000100000000)
  region size 1024K, 1 young (1024K), 1 survivors (1024K)
}
Event: 10474.660 {heap Before GC invocations=309 (full 2):
 garbage-first heap   total reserved 1046528K, committed 78848K, used 39955K [0x00000000c0200000, 0x0000000100000000)
  region size 1024K, 11 young (11264K), 1 survivors (1024K)
}
Event: 10474.665 {heap After GC invocations=310 (full 2):
 garbage-first heap   total reserved 1046528K, committed 78848K, used 29789K [0x00000000c0200000, 0x0000000100000000)
  region size 1024K, 1 young (1024K), 1 survivors (1024K)
}
Event: 10482.699 {heap Before GC invocations=310 (full 2):
 garbage-first heap   total reserved 1046528K, committed 78848K, used 34909K [0x00000000c0200000, 0x0000000100000000)
  region size 1024K, 6 young (6144K), 1 survivors (1024K)
}
Event: 10483.029 {heap After GC invocations=311 (full 2):
 garbage-first heap   total reserved 1046528K, committed 78848K, used 29214K [0x00000000c0200000, 0x0000000100000000)
  region size 1024K, 1 young (1024K), 1 survivors (1024K)
}
Event: 10525.971 {heap Before GC invocations=311 (full 2):
 garbage-first heap   total reserved 1046528K, committed 78848K, used 56862K [0x00000000c0200000, 0x0000000100000000)
  region size 1024K, 28 young (28672K), 1 survivors (1024K)
}

